Using pre-set license
Built from '2020.3/release' branch; Version is '2020.3.7f1 (dd97f2c94397) revision 14522354'; Using compiler version '192528614'; Build Type 'Release'
OS: 'Windows 10 Home; OS build 19042.1288; Version 2009; 64bit' Language: 'tr' Physical Memory: 16323 MB
BatchMode: 1, IsHumanControllingUs: 0, StartBugReporterOnCrash: 0, Is64bit: 1, IsPro: 0

 COMMAND LINE ARGUMENTS:
C:\Program Files\Unity\Hub\Editor\2020.3.7f1\Editor\Unity.exe
-adb2
-batchMode
-noUpm
-name
AssetImportWorker0
-projectPath
E:/Unity Projects/GameFlexFireBallGameDemo/GameFlexFireBall
-logFile
Logs/AssetImportWorker0.log
-srvPort
59831
Successfully changed project path to: E:/Unity Projects/GameFlexFireBallGameDemo/GameFlexFireBall
E:/Unity Projects/GameFlexFireBallGameDemo/GameFlexFireBall
Using Asset Import Pipeline V2.
Refreshing native plugins compatible for Editor in 39.44 ms, found 0 plugins.
Preloading 0 native plugins for Editor in 0.00 ms.
Initialize engine version: 2020.3.7f1 (dd97f2c94397)
[Subsystems] Discovering subsystems at path C:/Program Files/Unity/Hub/Editor/2020.3.7f1/Editor/Data/Resources/UnitySubsystems
[Subsystems] Discovering subsystems at path E:/Unity Projects/GameFlexFireBallGameDemo/GameFlexFireBall/Assets
GfxDevice: creating device client; threaded=0
Direct3D:
    Version:  Direct3D 11.0 [level 11.1]
    Renderer: NVIDIA GeForce GTX 1070 Ti (ID=0x1b82)
    Vendor:   
    VRAM:     8079 MB
    Driver:   30.0.14.7141
Initialize mono
Mono path[0] = 'C:/Program Files/Unity/Hub/Editor/2020.3.7f1/Editor/Data/Managed'
Mono path[1] = 'C:/Program Files/Unity/Hub/Editor/2020.3.7f1/Editor/Data/MonoBleedingEdge/lib/mono/unityjit'
Mono config path = 'C:/Program Files/Unity/Hub/Editor/2020.3.7f1/Editor/Data/MonoBleedingEdge/etc'
Using monoOptions --debugger-agent=transport=dt_socket,embedding=1,server=y,suspend=n,address=127.0.0.1:56584
Begin MonoManager ReloadAssembly
Registering precompiled unity dll's ...
Register platform support module: C:/Program Files/Unity/Hub/Editor/2020.3.7f1/Editor/Data/PlaybackEngines/WindowsStandaloneSupport/UnityEditor.WindowsStandalone.Extensions.dll
Registered in 0.001760 seconds.
Native extension for WindowsStandalone target not found
Refreshing native plugins compatible for Editor in 31.21 ms, found 0 plugins.
Preloading 0 native plugins for Editor in 0.00 ms.
Mono: successfully reloaded assembly
- Completed reload, in  1.508 seconds
Platform modules already initialized, skipping
Registering precompiled user dll's ...
Registered in 0.002478 seconds.
Begin MonoManager ReloadAssembly
Native extension for WindowsStandalone target not found
Refreshing native plugins compatible for Editor in 0.48 ms, found 0 plugins.
Preloading 0 native plugins for Editor in 0.00 ms.
Mono: successfully reloaded assembly
- Completed reload, in  0.818 seconds
Platform modules already initialized, skipping
========================================================================
Worker process is ready to serve import requests
Launched and connected shader compiler UnityShaderCompiler.exe after 0.03 seconds
Refreshing native plugins compatible for Editor in 0.47 ms, found 0 plugins.
Preloading 0 native plugins for Editor in 0.00 ms.
Unloading 1810 Unused Serialized files (Serialized files now loaded: 0)
System memory in use before: 77.3 MB.
System memory in use after: 77.4 MB.

Unloading 53 unused Assets to reduce memory usage. Loaded Objects now: 2220.
Total: 4.487900 ms (FindLiveObjects: 0.166400 ms CreateObjectMapping: 0.070400 ms MarkObjects: 4.190100 ms  DeleteObjects: 0.060300 ms)

========================================================================
Received Import Request.
  path: Assets/Game.unity
  artifactKey: Guid(b2bd0f6eb91b7cd4dbffd8dd53b76706) Importer(815301076,1909f56bfc062723c751e8b465ee728b)
Start importing Assets/Game.unity using Guid(b2bd0f6eb91b7cd4dbffd8dd53b76706) Importer(815301076,1909f56bfc062723c751e8b465ee728b)  -> (artifact id: '7d802e00bbb8df706b3755baf26c2daa') in 0.012822 seconds
  Import took 0.015126 seconds .

========================================================================
Received Import Request.
  Time since last request: 18.231314 seconds.
  path: Assets/GameSettings.lighting
  artifactKey: Guid(09cbaa8025142b740811e9bbc6000316) Importer(815301076,1909f56bfc062723c751e8b465ee728b)
Start importing Assets/GameSettings.lighting using Guid(09cbaa8025142b740811e9bbc6000316) Importer(815301076,1909f56bfc062723c751e8b465ee728b) LightingSettings: switching bake backend from 1 to 0.
 -> (artifact id: '4889af127750bbdff083e7fe713da4ea') in 0.021993 seconds
  Import took 0.024308 seconds .

========================================================================
Received Import Request.
  Time since last request: 0.003619 seconds.
  path: Assets/GameSettings.lighting
  artifactKey: Guid(09cbaa8025142b740811e9bbc6000316) Importer(815301076,1909f56bfc062723c751e8b465ee728b)
Start importing Assets/GameSettings.lighting using Guid(09cbaa8025142b740811e9bbc6000316) Importer(815301076,1909f56bfc062723c751e8b465ee728b) LightingSettings: switching bake backend from 1 to 0.
 -> (artifact id: '4889af127750bbdff083e7fe713da4ea') in 0.001619 seconds
  Import took 0.004128 seconds .

========================================================================
Received Prepare
Registering precompiled user dll's ...
Registered in 0.002443 seconds.
Begin MonoManager ReloadAssembly
Native extension for WindowsStandalone target not found
Refreshing native plugins compatible for Editor in 0.50 ms, found 0 plugins.
Preloading 0 native plugins for Editor in 0.00 ms.
Mono: successfully reloaded assembly
- Completed reload, in  0.748 seconds
Platform modules already initialized, skipping
Refreshing native plugins compatible for Editor in 0.49 ms, found 0 plugins.
Preloading 0 native plugins for Editor in 0.00 ms.
Unloading 1802 Unused Serialized files (Serialized files now loaded: 0)
System memory in use before: 77.0 MB.
System memory in use after: 77.1 MB.

Unloading 44 unused Assets to reduce memory usage. Loaded Objects now: 2222.
Total: 4.396400 ms (FindLiveObjects: 0.139400 ms CreateObjectMapping: 0.051200 ms MarkObjects: 4.182300 ms  DeleteObjects: 0.022600 ms)

========================================================================
Received Import Request.
  Time since last request: 27.217302 seconds.
  path: Assets/Scripts/BlockCreator.cs
  artifactKey: Guid(a3f2c0de969494c2dad9b7e00a7d12ee) Importer(815301076,1909f56bfc062723c751e8b465ee728b)
Start importing Assets/Scripts/BlockCreator.cs using Guid(a3f2c0de969494c2dad9b7e00a7d12ee) Importer(815301076,1909f56bfc062723c751e8b465ee728b)  -> (artifact id: '1d1dac7bdd8285b61bbdcde3dd3cbe0b') in 0.008616 seconds
  Import took 0.010929 seconds .

========================================================================
Received Import Request.
  Time since last request: 0.019131 seconds.
  path: Assets/Scripts/BlockCreator.cs
  artifactKey: Guid(a3f2c0de969494c2dad9b7e00a7d12ee) Importer(815301076,1909f56bfc062723c751e8b465ee728b)
Start importing Assets/Scripts/BlockCreator.cs using Guid(a3f2c0de969494c2dad9b7e00a7d12ee) Importer(815301076,1909f56bfc062723c751e8b465ee728b)  -> (artifact id: '1d1dac7bdd8285b61bbdcde3dd3cbe0b') in 0.001563 seconds
  Import took 0.003954 seconds .

========================================================================
Received Import Request.
  Time since last request: 65.636232 seconds.
  path: Assets/Scripts/BlockCreator.cs
  artifactKey: Guid(a3f2c0de969494c2dad9b7e00a7d12ee) Importer(815301076,1909f56bfc062723c751e8b465ee728b)
Start importing Assets/Scripts/BlockCreator.cs using Guid(a3f2c0de969494c2dad9b7e00a7d12ee) Importer(815301076,1909f56bfc062723c751e8b465ee728b)  -> (artifact id: '69b7ac2c9bf364e5ff4a5660126d9cbd') in 0.006022 seconds
  Import took 0.008415 seconds .

========================================================================
Received Prepare
Registering precompiled user dll's ...
Registered in 0.002473 seconds.
Begin MonoManager ReloadAssembly
Native extension for WindowsStandalone target not found
Refreshing native plugins compatible for Editor in 0.50 ms, found 0 plugins.
Preloading 0 native plugins for Editor in 0.00 ms.
Mono: successfully reloaded assembly
- Completed reload, in  0.773 seconds
Platform modules already initialized, skipping
Refreshing native plugins compatible for Editor in 0.50 ms, found 0 plugins.
Preloading 0 native plugins for Editor in 0.00 ms.
Unloading 1802 Unused Serialized files (Serialized files now loaded: 0)
System memory in use before: 77.0 MB.
System memory in use after: 77.2 MB.

Unloading 44 unused Assets to reduce memory usage. Loaded Objects now: 2224.
Total: 4.419800 ms (FindLiveObjects: 0.209700 ms CreateObjectMapping: 0.070000 ms MarkObjects: 4.116600 ms  DeleteObjects: 0.022200 ms)

========================================================================
Received Import Request.
  Time since last request: 15.045933 seconds.
  path: Assets/Scripts/PlayerController.cs
  artifactKey: Guid(cb5b6c883226942ae97880de8a9ed7ad) Importer(815301076,1909f56bfc062723c751e8b465ee728b)
Start importing Assets/Scripts/PlayerController.cs using Guid(cb5b6c883226942ae97880de8a9ed7ad) Importer(815301076,1909f56bfc062723c751e8b465ee728b)  -> (artifact id: '39b7835ae9a877516bc3e49d68f067b2') in 0.008958 seconds
  Import took 0.011510 seconds .

========================================================================
Received Import Request.
  Time since last request: 1.053785 seconds.
  path: Assets/Scripts/PlayerFollower.cs
  artifactKey: Guid(d19153743a4244ed9b63cd49d8ed316d) Importer(815301076,1909f56bfc062723c751e8b465ee728b)
Start importing Assets/Scripts/PlayerFollower.cs using Guid(d19153743a4244ed9b63cd49d8ed316d) Importer(815301076,1909f56bfc062723c751e8b465ee728b)  -> (artifact id: '95baa40762b118dc1c11f4749e8c4299') in 0.005633 seconds
  Import took 0.008032 seconds .

========================================================================
Received Import Request.
  Time since last request: 0.001704 seconds.
  path: Assets/Scripts/PlayerFollower.cs
  artifactKey: Guid(d19153743a4244ed9b63cd49d8ed316d) Importer(815301076,1909f56bfc062723c751e8b465ee728b)
Start importing Assets/Scripts/PlayerFollower.cs using Guid(d19153743a4244ed9b63cd49d8ed316d) Importer(815301076,1909f56bfc062723c751e8b465ee728b)  -> (artifact id: '95baa40762b118dc1c11f4749e8c4299') in 0.001592 seconds
  Import took 0.004039 seconds .

========================================================================
Received Import Request.
  Time since last request: 7.336648 seconds.
  path: Assets/Scripts/PlayerFollower.cs
  artifactKey: Guid(d19153743a4244ed9b63cd49d8ed316d) Importer(815301076,1909f56bfc062723c751e8b465ee728b)
Start importing Assets/Scripts/PlayerFollower.cs using Guid(d19153743a4244ed9b63cd49d8ed316d) Importer(815301076,1909f56bfc062723c751e8b465ee728b)  -> (artifact id: '91deee8c98eb084274df274eada08c01') in 0.003473 seconds
  Import took 0.006093 seconds .

========================================================================
Received Import Request.
  Time since last request: 0.002275 seconds.
  path: Assets/Scripts/PlayerFollower.cs
  artifactKey: Guid(d19153743a4244ed9b63cd49d8ed316d) Importer(815301076,1909f56bfc062723c751e8b465ee728b)
Start importing Assets/Scripts/PlayerFollower.cs using Guid(d19153743a4244ed9b63cd49d8ed316d) Importer(815301076,1909f56bfc062723c751e8b465ee728b)  -> (artifact id: '91deee8c98eb084274df274eada08c01') in 0.002334 seconds
  Import took 0.004793 seconds .

========================================================================
Received Prepare
Registering precompiled user dll's ...
Registered in 0.002436 seconds.
Begin MonoManager ReloadAssembly
Native extension for WindowsStandalone target not found
Refreshing native plugins compatible for Editor in 0.51 ms, found 0 plugins.
Preloading 0 native plugins for Editor in 0.00 ms.
Mono: successfully reloaded assembly
- Completed reload, in  0.798 seconds
Platform modules already initialized, skipping
Refreshing native plugins compatible for Editor in 0.57 ms, found 0 plugins.
Preloading 0 native plugins for Editor in 0.00 ms.
Unloading 1802 Unused Serialized files (Serialized files now loaded: 0)
System memory in use before: 77.1 MB.
System memory in use after: 77.2 MB.

Unloading 44 unused Assets to reduce memory usage. Loaded Objects now: 2226.
Total: 4.405500 ms (FindLiveObjects: 0.142900 ms CreateObjectMapping: 0.055500 ms MarkObjects: 4.183800 ms  DeleteObjects: 0.022300 ms)

========================================================================
Received Prepare
Registering precompiled user dll's ...
Registered in 0.002613 seconds.
Begin MonoManager ReloadAssembly
Native extension for WindowsStandalone target not found
Refreshing native plugins compatible for Editor in 0.50 ms, found 0 plugins.
Preloading 0 native plugins for Editor in 0.00 ms.
Mono: successfully reloaded assembly
- Completed reload, in  0.755 seconds
Platform modules already initialized, skipping
Refreshing native plugins compatible for Editor in 0.60 ms, found 0 plugins.
Preloading 0 native plugins for Editor in 0.00 ms.
Unloading 1802 Unused Serialized files (Serialized files now loaded: 0)
System memory in use before: 77.1 MB.
System memory in use after: 77.2 MB.

Unloading 44 unused Assets to reduce memory usage. Loaded Objects now: 2228.
Total: 4.661700 ms (FindLiveObjects: 0.158700 ms CreateObjectMapping: 0.056800 ms MarkObjects: 4.421600 ms  DeleteObjects: 0.023400 ms)

