Using pre-set license
Built from '2020.3/release' branch; Version is '2020.3.7f1 (dd97f2c94397) revision 14522354'; Using compiler version '192528614'; Build Type 'Release'
OS: 'Windows 10 Home; OS build 19042.1288; Version 2009; 64bit' Language: 'tr' Physical Memory: 16323 MB
BatchMode: 1, IsHumanControllingUs: 0, StartBugReporterOnCrash: 0, Is64bit: 1, IsPro: 0

 COMMAND LINE ARGUMENTS:
C:\Program Files\Unity\Hub\Editor\2020.3.7f1\Editor\Unity.exe
-adb2
-batchMode
-noUpm
-name
AssetImportWorker3
-projectPath
E:/Unity Projects/GameFlexFireBallGameDemo/GameFlexFireBall
-logFile
Logs/AssetImportWorker3.log
-srvPort
59831
Successfully changed project path to: E:/Unity Projects/GameFlexFireBallGameDemo/GameFlexFireBall
E:/Unity Projects/GameFlexFireBallGameDemo/GameFlexFireBall
Using Asset Import Pipeline V2.
Refreshing native plugins compatible for Editor in 37.66 ms, found 0 plugins.
Preloading 0 native plugins for Editor in 0.00 ms.
Initialize engine version: 2020.3.7f1 (dd97f2c94397)
[Subsystems] Discovering subsystems at path C:/Program Files/Unity/Hub/Editor/2020.3.7f1/Editor/Data/Resources/UnitySubsystems
[Subsystems] Discovering subsystems at path E:/Unity Projects/GameFlexFireBallGameDemo/GameFlexFireBall/Assets
GfxDevice: creating device client; threaded=0
Direct3D:
    Version:  Direct3D 11.0 [level 11.1]
    Renderer: NVIDIA GeForce GTX 1070 Ti (ID=0x1b82)
    Vendor:   
    VRAM:     8079 MB
    Driver:   30.0.14.7141
Initialize mono
Mono path[0] = 'C:/Program Files/Unity/Hub/Editor/2020.3.7f1/Editor/Data/Managed'
Mono path[1] = 'C:/Program Files/Unity/Hub/Editor/2020.3.7f1/Editor/Data/MonoBleedingEdge/lib/mono/unityjit'
Mono config path = 'C:/Program Files/Unity/Hub/Editor/2020.3.7f1/Editor/Data/MonoBleedingEdge/etc'
Using monoOptions --debugger-agent=transport=dt_socket,embedding=1,server=y,suspend=n,address=127.0.0.1:56952
Begin MonoManager ReloadAssembly
Registering precompiled unity dll's ...
Register platform support module: C:/Program Files/Unity/Hub/Editor/2020.3.7f1/Editor/Data/PlaybackEngines/WindowsStandaloneSupport/UnityEditor.WindowsStandalone.Extensions.dll
Registered in 0.002115 seconds.
Native extension for WindowsStandalone target not found
Refreshing native plugins compatible for Editor in 32.14 ms, found 0 plugins.
Preloading 0 native plugins for Editor in 0.00 ms.
Mono: successfully reloaded assembly
- Completed reload, in  1.764 seconds
Platform modules already initialized, skipping
Registering precompiled user dll's ...
Registered in 0.002538 seconds.
Begin MonoManager ReloadAssembly
Native extension for WindowsStandalone target not found
Refreshing native plugins compatible for Editor in 0.54 ms, found 0 plugins.
Preloading 0 native plugins for Editor in 0.00 ms.
Mono: successfully reloaded assembly
- Completed reload, in  0.836 seconds
Platform modules already initialized, skipping
========================================================================
Worker process is ready to serve import requests
Launched and connected shader compiler UnityShaderCompiler.exe after 0.04 seconds
Refreshing native plugins compatible for Editor in 0.51 ms, found 0 plugins.
Preloading 0 native plugins for Editor in 0.00 ms.
Unloading 1810 Unused Serialized files (Serialized files now loaded: 0)
System memory in use before: 77.4 MB.
System memory in use after: 77.5 MB.

Unloading 53 unused Assets to reduce memory usage. Loaded Objects now: 2220.
Total: 4.559900 ms (FindLiveObjects: 0.153600 ms CreateObjectMapping: 0.064600 ms MarkObjects: 4.277200 ms  DeleteObjects: 0.063900 ms)

========================================================================
Received Prepare
Registering precompiled user dll's ...
Registered in 0.002464 seconds.
Begin MonoManager ReloadAssembly
Native extension for WindowsStandalone target not found
Refreshing native plugins compatible for Editor in 0.52 ms, found 0 plugins.
Preloading 0 native plugins for Editor in 0.00 ms.
Mono: successfully reloaded assembly
- Completed reload, in  0.759 seconds
Platform modules already initialized, skipping
Refreshing native plugins compatible for Editor in 0.53 ms, found 0 plugins.
Preloading 0 native plugins for Editor in 0.00 ms.
Unloading 1802 Unused Serialized files (Serialized files now loaded: 0)
System memory in use before: 77.1 MB.
System memory in use after: 77.2 MB.

Unloading 44 unused Assets to reduce memory usage. Loaded Objects now: 2222.
Total: 4.560200 ms (FindLiveObjects: 0.143200 ms CreateObjectMapping: 0.060200 ms MarkObjects: 4.330100 ms  DeleteObjects: 0.025800 ms)

========================================================================
Received Import Request.
  path: Assets/Scripts/PlayerFollower.cs
  artifactKey: Guid(d19153743a4244ed9b63cd49d8ed316d) Importer(815301076,1909f56bfc062723c751e8b465ee728b)
Start importing Assets/Scripts/PlayerFollower.cs using Guid(d19153743a4244ed9b63cd49d8ed316d) Importer(815301076,1909f56bfc062723c751e8b465ee728b)  -> (artifact id: 'ddb304d03172d36352a1e35929807f7b') in 0.026395 seconds
  Import took 0.028940 seconds .

========================================================================
Received Prepare
Registering precompiled user dll's ...
Registered in 0.002404 seconds.
Begin MonoManager ReloadAssembly
Native extension for WindowsStandalone target not found
Refreshing native plugins compatible for Editor in 0.51 ms, found 0 plugins.
Preloading 0 native plugins for Editor in 0.00 ms.
Mono: successfully reloaded assembly
- Completed reload, in  0.737 seconds
Platform modules already initialized, skipping
Refreshing native plugins compatible for Editor in 0.50 ms, found 0 plugins.
Preloading 0 native plugins for Editor in 0.00 ms.
Unloading 1802 Unused Serialized files (Serialized files now loaded: 0)
System memory in use before: 77.1 MB.
System memory in use after: 77.2 MB.

Unloading 44 unused Assets to reduce memory usage. Loaded Objects now: 2224.
Total: 4.430100 ms (FindLiveObjects: 0.149300 ms CreateObjectMapping: 0.057100 ms MarkObjects: 4.195900 ms  DeleteObjects: 0.027200 ms)

========================================================================
Received Prepare
Registering precompiled user dll's ...
Registered in 0.002965 seconds.
Begin MonoManager ReloadAssembly
Native extension for WindowsStandalone target not found
Refreshing native plugins compatible for Editor in 0.58 ms, found 0 plugins.
Preloading 0 native plugins for Editor in 0.00 ms.
Mono: successfully reloaded assembly
- Completed reload, in  0.792 seconds
Platform modules already initialized, skipping
Refreshing native plugins compatible for Editor in 0.49 ms, found 0 plugins.
Preloading 0 native plugins for Editor in 0.00 ms.
Unloading 1802 Unused Serialized files (Serialized files now loaded: 0)
System memory in use before: 77.1 MB.
System memory in use after: 77.3 MB.

Unloading 44 unused Assets to reduce memory usage. Loaded Objects now: 2226.
Total: 4.451700 ms (FindLiveObjects: 0.293900 ms CreateObjectMapping: 0.137800 ms MarkObjects: 3.994500 ms  DeleteObjects: 0.024800 ms)

========================================================================
Received Prepare
Registering precompiled user dll's ...
Registered in 0.002467 seconds.
Begin MonoManager ReloadAssembly
Native extension for WindowsStandalone target not found
Refreshing native plugins compatible for Editor in 0.50 ms, found 0 plugins.
Preloading 0 native plugins for Editor in 0.00 ms.
Mono: successfully reloaded assembly
- Completed reload, in  0.738 seconds
Platform modules already initialized, skipping
Refreshing native plugins compatible for Editor in 0.50 ms, found 0 plugins.
Preloading 0 native plugins for Editor in 0.00 ms.
Unloading 1802 Unused Serialized files (Serialized files now loaded: 0)
System memory in use before: 77.2 MB.
System memory in use after: 77.3 MB.

Unloading 44 unused Assets to reduce memory usage. Loaded Objects now: 2228.
Total: 4.308700 ms (FindLiveObjects: 0.139600 ms CreateObjectMapping: 0.053100 ms MarkObjects: 4.093800 ms  DeleteObjects: 0.021300 ms)

========================================================================
Received Prepare
Registering precompiled user dll's ...
Registered in 0.002404 seconds.
Begin MonoManager ReloadAssembly
Native extension for WindowsStandalone target not found
Refreshing native plugins compatible for Editor in 0.50 ms, found 0 plugins.
Preloading 0 native plugins for Editor in 0.00 ms.
Mono: successfully reloaded assembly
- Completed reload, in  0.777 seconds
Platform modules already initialized, skipping
Refreshing native plugins compatible for Editor in 0.50 ms, found 0 plugins.
Preloading 0 native plugins for Editor in 0.00 ms.
Unloading 1802 Unused Serialized files (Serialized files now loaded: 0)
System memory in use before: 77.2 MB.
System memory in use after: 77.3 MB.

Unloading 44 unused Assets to reduce memory usage. Loaded Objects now: 2230.
Total: 4.296300 ms (FindLiveObjects: 0.155400 ms CreateObjectMapping: 0.064400 ms MarkObjects: 4.055400 ms  DeleteObjects: 0.020100 ms)

========================================================================
Received Prepare
Registering precompiled user dll's ...
Registered in 0.002479 seconds.
Begin MonoManager ReloadAssembly
Native extension for WindowsStandalone target not found
Refreshing native plugins compatible for Editor in 0.50 ms, found 0 plugins.
Preloading 0 native plugins for Editor in 0.00 ms.
Mono: successfully reloaded assembly
- Completed reload, in  0.746 seconds
Platform modules already initialized, skipping
Refreshing native plugins compatible for Editor in 0.56 ms, found 0 plugins.
Preloading 0 native plugins for Editor in 0.00 ms.
Unloading 1802 Unused Serialized files (Serialized files now loaded: 0)
System memory in use before: 77.2 MB.
System memory in use after: 77.3 MB.

Unloading 44 unused Assets to reduce memory usage. Loaded Objects now: 2232.
Total: 4.310800 ms (FindLiveObjects: 0.138200 ms CreateObjectMapping: 0.053100 ms MarkObjects: 4.095800 ms  DeleteObjects: 0.023100 ms)

========================================================================
Received Prepare
Registering precompiled user dll's ...
Registered in 0.002656 seconds.
Begin MonoManager ReloadAssembly
Native extension for WindowsStandalone target not found
Refreshing native plugins compatible for Editor in 0.51 ms, found 0 plugins.
Preloading 0 native plugins for Editor in 0.00 ms.
Mono: successfully reloaded assembly
- Completed reload, in  0.747 seconds
Platform modules already initialized, skipping
Refreshing native plugins compatible for Editor in 0.55 ms, found 0 plugins.
Preloading 0 native plugins for Editor in 0.00 ms.
Unloading 1802 Unused Serialized files (Serialized files now loaded: 0)
System memory in use before: 77.2 MB.
System memory in use after: 77.3 MB.

Unloading 44 unused Assets to reduce memory usage. Loaded Objects now: 2234.
Total: 4.335300 ms (FindLiveObjects: 0.165800 ms CreateObjectMapping: 0.079100 ms MarkObjects: 4.067100 ms  DeleteObjects: 0.022300 ms)

========================================================================
Received Prepare
Registering precompiled user dll's ...
Registered in 0.002524 seconds.
Begin MonoManager ReloadAssembly
Native extension for WindowsStandalone target not found
Refreshing native plugins compatible for Editor in 0.51 ms, found 0 plugins.
Preloading 0 native plugins for Editor in 0.00 ms.
Mono: successfully reloaded assembly
- Completed reload, in  0.750 seconds
Platform modules already initialized, skipping
Refreshing native plugins compatible for Editor in 0.51 ms, found 0 plugins.
Preloading 0 native plugins for Editor in 0.00 ms.
Unloading 1802 Unused Serialized files (Serialized files now loaded: 0)
System memory in use before: 77.2 MB.
System memory in use after: 77.3 MB.

Unloading 44 unused Assets to reduce memory usage. Loaded Objects now: 2236.
Total: 4.342000 ms (FindLiveObjects: 0.138400 ms CreateObjectMapping: 0.050000 ms MarkObjects: 4.132500 ms  DeleteObjects: 0.020100 ms)

========================================================================
Received Prepare
Registering precompiled user dll's ...
Registered in 0.002482 seconds.
Begin MonoManager ReloadAssembly
Native extension for WindowsStandalone target not found
Refreshing native plugins compatible for Editor in 0.51 ms, found 0 plugins.
Preloading 0 native plugins for Editor in 0.00 ms.
Mono: successfully reloaded assembly
- Completed reload, in  0.755 seconds
Platform modules already initialized, skipping
Refreshing native plugins compatible for Editor in 0.49 ms, found 0 plugins.
Preloading 0 native plugins for Editor in 0.00 ms.
Unloading 1802 Unused Serialized files (Serialized files now loaded: 0)
System memory in use before: 77.2 MB.
System memory in use after: 77.3 MB.

Unloading 44 unused Assets to reduce memory usage. Loaded Objects now: 2238.
Total: 4.728600 ms (FindLiveObjects: 0.168500 ms CreateObjectMapping: 0.063400 ms MarkObjects: 4.471300 ms  DeleteObjects: 0.024200 ms)

========================================================================
Received Prepare
Registering precompiled user dll's ...
Registered in 0.002642 seconds.
Begin MonoManager ReloadAssembly
Native extension for WindowsStandalone target not found
Refreshing native plugins compatible for Editor in 0.52 ms, found 0 plugins.
Preloading 0 native plugins for Editor in 0.00 ms.
Mono: successfully reloaded assembly
- Completed reload, in  0.740 seconds
Platform modules already initialized, skipping
Refreshing native plugins compatible for Editor in 0.50 ms, found 0 plugins.
Preloading 0 native plugins for Editor in 0.00 ms.
Unloading 1802 Unused Serialized files (Serialized files now loaded: 0)
System memory in use before: 77.2 MB.
System memory in use after: 77.3 MB.

Unloading 44 unused Assets to reduce memory usage. Loaded Objects now: 2240.
Total: 4.628600 ms (FindLiveObjects: 0.144800 ms CreateObjectMapping: 0.052800 ms MarkObjects: 4.407100 ms  DeleteObjects: 0.022700 ms)

========================================================================
Received Prepare
Registering precompiled user dll's ...
Registered in 0.002458 seconds.
Begin MonoManager ReloadAssembly
Native extension for WindowsStandalone target not found
Refreshing native plugins compatible for Editor in 0.52 ms, found 0 plugins.
Preloading 0 native plugins for Editor in 0.00 ms.
Mono: successfully reloaded assembly
- Completed reload, in  0.752 seconds
Platform modules already initialized, skipping
Refreshing native plugins compatible for Editor in 0.51 ms, found 0 plugins.
Preloading 0 native plugins for Editor in 0.00 ms.
Unloading 1802 Unused Serialized files (Serialized files now loaded: 0)
System memory in use before: 77.2 MB.
System memory in use after: 77.3 MB.

Unloading 44 unused Assets to reduce memory usage. Loaded Objects now: 2242.
Total: 4.426100 ms (FindLiveObjects: 0.214000 ms CreateObjectMapping: 0.065400 ms MarkObjects: 4.122400 ms  DeleteObjects: 0.023200 ms)

========================================================================
Received Import Request.
  Time since last request: 533.349506 seconds.
  path: Assets
  artifactKey: Guid(00000000000000001000000000000000) Importer(815301076,1909f56bfc062723c751e8b465ee728b)
Start importing Assets using Guid(00000000000000001000000000000000) Importer(815301076,1909f56bfc062723c751e8b465ee728b)  -> (artifact id: '5f6a1853b736837ecfb0820a881449cb') in 0.007919 seconds
  Import took 0.010549 seconds .

========================================================================
Received Import Request.
  Time since last request: 0.000421 seconds.
  path: Assets
  artifactKey: Guid(00000000000000001000000000000000) Importer(815301076,1909f56bfc062723c751e8b465ee728b)
Start importing Assets using Guid(00000000000000001000000000000000) Importer(815301076,1909f56bfc062723c751e8b465ee728b)  -> (artifact id: '5f6a1853b736837ecfb0820a881449cb') in 0.002784 seconds
  Import took 0.005145 seconds .

========================================================================
Received Import Request.
  Time since last request: 10.732441 seconds.
  path: Assets/Prefabs/FX_DirtSplatter 1.prefab
  artifactKey: Guid(c3f4d51f6a76207478c80c990baf4871) Importer(815301076,1909f56bfc062723c751e8b465ee728b)
Start importing Assets/Prefabs/FX_DirtSplatter 1.prefab using Guid(c3f4d51f6a76207478c80c990baf4871) Importer(815301076,1909f56bfc062723c751e8b465ee728b)  -> (artifact id: '851762ad8cdd7e11f116e2492dc3962d') in 0.028455 seconds
  Import took 0.030971 seconds .

========================================================================
Received Import Request.
  Time since last request: 0.020050 seconds.
  path: Assets/Prefabs/FX_DirtSplatter 1.prefab
  artifactKey: Guid(c3f4d51f6a76207478c80c990baf4871) Importer(815301076,1909f56bfc062723c751e8b465ee728b)
Start importing Assets/Prefabs/FX_DirtSplatter 1.prefab using Guid(c3f4d51f6a76207478c80c990baf4871) Importer(815301076,1909f56bfc062723c751e8b465ee728b)  -> (artifact id: '851762ad8cdd7e11f116e2492dc3962d') in 0.004276 seconds
  Import took 0.006689 seconds .

========================================================================
Received Import Request.
  Time since last request: 5.568691 seconds.
  path: Assets/Prefabs/ForceParticle.prefab
  artifactKey: Guid(c3f4d51f6a76207478c80c990baf4871) Importer(815301076,1909f56bfc062723c751e8b465ee728b)
Start importing Assets/Prefabs/ForceParticle.prefab using Guid(c3f4d51f6a76207478c80c990baf4871) Importer(815301076,1909f56bfc062723c751e8b465ee728b)  -> (artifact id: '12f2446403f55d3d9948353389a43779') in 0.008697 seconds
  Import took 0.011227 seconds .

========================================================================
Received Prepare
Registering precompiled user dll's ...
Registered in 0.002507 seconds.
Begin MonoManager ReloadAssembly
Native extension for WindowsStandalone target not found
Refreshing native plugins compatible for Editor in 0.54 ms, found 0 plugins.
Preloading 0 native plugins for Editor in 0.00 ms.
Mono: successfully reloaded assembly
- Completed reload, in  0.834 seconds
Platform modules already initialized, skipping
Refreshing native plugins compatible for Editor in 0.50 ms, found 0 plugins.
Preloading 0 native plugins for Editor in 0.00 ms.
Unloading 1802 Unused Serialized files (Serialized files now loaded: 0)
System memory in use before: 77.3 MB.
System memory in use after: 77.4 MB.

Unloading 44 unused Assets to reduce memory usage. Loaded Objects now: 2245.
Total: 4.626800 ms (FindLiveObjects: 0.148800 ms CreateObjectMapping: 0.055100 ms MarkObjects: 4.397900 ms  DeleteObjects: 0.024000 ms)

========================================================================
Received Prepare
Registering precompiled user dll's ...
Registered in 0.002504 seconds.
Begin MonoManager ReloadAssembly
Native extension for WindowsStandalone target not found
Refreshing native plugins compatible for Editor in 0.50 ms, found 0 plugins.
Preloading 0 native plugins for Editor in 0.00 ms.
Mono: successfully reloaded assembly
- Completed reload, in  0.743 seconds
Platform modules already initialized, skipping
Refreshing native plugins compatible for Editor in 0.51 ms, found 0 plugins.
Preloading 0 native plugins for Editor in 0.00 ms.
Unloading 1802 Unused Serialized files (Serialized files now loaded: 0)
System memory in use before: 77.3 MB.
System memory in use after: 77.4 MB.

Unloading 44 unused Assets to reduce memory usage. Loaded Objects now: 2247.
Total: 4.537400 ms (FindLiveObjects: 0.161900 ms CreateObjectMapping: 0.064000 ms MarkObjects: 4.284600 ms  DeleteObjects: 0.025900 ms)

========================================================================
Received Import Request.
  Time since last request: 241.347973 seconds.
  path: Assets/Models/Cube01.fbx
  artifactKey: Guid(74abe3e436a9b80428a306e86abf4b76) Importer(815301076,1909f56bfc062723c751e8b465ee728b)
Start importing Assets/Models/Cube01.fbx using Guid(74abe3e436a9b80428a306e86abf4b76) Importer(815301076,1909f56bfc062723c751e8b465ee728b)  -> (artifact id: '10b10792c6fe4ed2ce52817efcb50bb5') in 0.114051 seconds
  Import took 0.117269 seconds .

========================================================================
Received Import Request.
  Time since last request: 0.000198 seconds.
  path: Assets/Models/Cube02.fbx
  artifactKey: Guid(2f17332752713414db58a18ccf8b1752) Importer(815301076,1909f56bfc062723c751e8b465ee728b)
Start importing Assets/Models/Cube02.fbx using Guid(2f17332752713414db58a18ccf8b1752) Importer(815301076,1909f56bfc062723c751e8b465ee728b)  -> (artifact id: '094213da7a3348b304139ee551ae46b8') in 0.017242 seconds
  Import took 0.019858 seconds .

========================================================================
Received Import Request.
  Time since last request: 0.000383 seconds.
  path: Assets/Models/Cube01.fbx
  artifactKey: Guid(74abe3e436a9b80428a306e86abf4b76) Importer(815301076,1909f56bfc062723c751e8b465ee728b)
Start importing Assets/Models/Cube01.fbx using Guid(74abe3e436a9b80428a306e86abf4b76) Importer(815301076,1909f56bfc062723c751e8b465ee728b)  -> (artifact id: '10b10792c6fe4ed2ce52817efcb50bb5') in 0.016203 seconds
  Import took 0.018814 seconds .

========================================================================
Received Import Request.
  Time since last request: 0.000178 seconds.
  path: Assets/Models/Cube02.fbx
  artifactKey: Guid(2f17332752713414db58a18ccf8b1752) Importer(815301076,1909f56bfc062723c751e8b465ee728b)
Start importing Assets/Models/Cube02.fbx using Guid(2f17332752713414db58a18ccf8b1752) Importer(815301076,1909f56bfc062723c751e8b465ee728b)  -> (artifact id: '094213da7a3348b304139ee551ae46b8') in 0.016649 seconds
  Import took 0.019216 seconds .

========================================================================
Received Import Request.
  Time since last request: 0.000205 seconds.
  path: Assets/Materials/Target.obj
  artifactKey: Guid(3630f55b50dfeb14792afd33328abd1f) Importer(815301076,1909f56bfc062723c751e8b465ee728b)
Start importing Assets/Materials/Target.obj using Guid(3630f55b50dfeb14792afd33328abd1f) Importer(815301076,1909f56bfc062723c751e8b465ee728b)  -> (artifact id: '3d79c5f58f31103e037d7c801404fc13') in 0.023404 seconds
  Import took 0.025998 seconds .

========================================================================
Received Import Request.
  Time since last request: 0.000193 seconds.
  path: Assets/Models/Cube03.fbx
  artifactKey: Guid(70a5c3fb68aec184ab581ee0b5d33549) Importer(815301076,1909f56bfc062723c751e8b465ee728b)
Start importing Assets/Models/Cube03.fbx using Guid(70a5c3fb68aec184ab581ee0b5d33549) Importer(815301076,1909f56bfc062723c751e8b465ee728b)  -> (artifact id: '7267b016bd3b7ebc4584dd83ea3978c3') in 0.015845 seconds
  Import took 0.018431 seconds .

========================================================================
Received Import Request.
  Time since last request: 6.682745 seconds.
  path: Assets/Materials/Character.mat
  artifactKey: Guid(fca332f11c0275a4d87e30bda7bdaa6d) Importer(815301076,1909f56bfc062723c751e8b465ee728b)
Start importing Assets/Materials/Character.mat using Guid(fca332f11c0275a4d87e30bda7bdaa6d) Importer(815301076,1909f56bfc062723c751e8b465ee728b)  -> (artifact id: '65cae07809addfc2f4d812c74ef1d233') in 0.032188 seconds
  Import took 0.034980 seconds .

========================================================================
Received Import Request.
  Time since last request: 0.000170 seconds.
  path: Assets/Materials/Target.mat
  artifactKey: Guid(7c3828b9a63ba334c9d1b8b339014f78) Importer(815301076,1909f56bfc062723c751e8b465ee728b)
Start importing Assets/Materials/Target.mat using Guid(7c3828b9a63ba334c9d1b8b339014f78) Importer(815301076,1909f56bfc062723c751e8b465ee728b)  -> (artifact id: '9e646d121407bf31ad1ea1cf056accdd') in 0.008601 seconds
  Import took 0.011128 seconds .

========================================================================
Received Import Request.
  Time since last request: 0.000181 seconds.
  path: Assets/Materials/Character.mat
  artifactKey: Guid(fca332f11c0275a4d87e30bda7bdaa6d) Importer(815301076,1909f56bfc062723c751e8b465ee728b)
Start importing Assets/Materials/Character.mat using Guid(fca332f11c0275a4d87e30bda7bdaa6d) Importer(815301076,1909f56bfc062723c751e8b465ee728b)  -> (artifact id: '65cae07809addfc2f4d812c74ef1d233') in 0.010236 seconds
  Import took 0.012782 seconds .

========================================================================
Received Import Request.
  Time since last request: 0.000240 seconds.
  path: Assets/GUI Mobile Hyper-Casual/Font/Bumpo.ttf
  artifactKey: Guid(dca7afcde023a8a4a8aa8debbdbd5427) Importer(815301076,1909f56bfc062723c751e8b465ee728b)
Start importing Assets/GUI Mobile Hyper-Casual/Font/Bumpo.ttf using Guid(dca7afcde023a8a4a8aa8debbdbd5427) Importer(815301076,1909f56bfc062723c751e8b465ee728b)  -> (artifact id: '5e909c5a7dd70418d16d8eae2ac2c107') in 0.023773 seconds
  Import took 0.026285 seconds .

========================================================================
Received Import Request.
  Time since last request: 0.000211 seconds.
  path: Assets/Materials/Line.mat
  artifactKey: Guid(1d11cb20f0a351a41a9b2ad726789f7d) Importer(815301076,1909f56bfc062723c751e8b465ee728b)
Start importing Assets/Materials/Line.mat using Guid(1d11cb20f0a351a41a9b2ad726789f7d) Importer(815301076,1909f56bfc062723c751e8b465ee728b)  -> (artifact id: 'b70922d94492e765f49864b3b1e943c4') in 0.009507 seconds
  Import took 0.012253 seconds .

========================================================================
Received Prepare
Registering precompiled user dll's ...
Registered in 0.002519 seconds.
Begin MonoManager ReloadAssembly
Native extension for WindowsStandalone target not found
Refreshing native plugins compatible for Editor in 0.54 ms, found 0 plugins.
Preloading 0 native plugins for Editor in 0.00 ms.
Mono: successfully reloaded assembly
- Completed reload, in  0.821 seconds
Platform modules already initialized, skipping
Refreshing native plugins compatible for Editor in 0.53 ms, found 0 plugins.
Preloading 0 native plugins for Editor in 0.00 ms.
Unloading 1802 Unused Serialized files (Serialized files now loaded: 0)
System memory in use before: 80.8 MB.
System memory in use after: 80.9 MB.

Unloading 44 unused Assets to reduce memory usage. Loaded Objects now: 2296.
Total: 5.130400 ms (FindLiveObjects: 0.165800 ms CreateObjectMapping: 0.061400 ms MarkObjects: 4.876000 ms  DeleteObjects: 0.026000 ms)

========================================================================
Received Prepare
Registering precompiled user dll's ...
Registered in 0.002383 seconds.
Begin MonoManager ReloadAssembly
Native extension for WindowsStandalone target not found
Refreshing native plugins compatible for Editor in 0.52 ms, found 0 plugins.
Preloading 0 native plugins for Editor in 0.00 ms.
Mono: successfully reloaded assembly
- Completed reload, in  0.784 seconds
Platform modules already initialized, skipping
Refreshing native plugins compatible for Editor in 0.50 ms, found 0 plugins.
Preloading 0 native plugins for Editor in 0.00 ms.
Unloading 1802 Unused Serialized files (Serialized files now loaded: 0)
System memory in use before: 80.8 MB.
System memory in use after: 81.0 MB.

Unloading 44 unused Assets to reduce memory usage. Loaded Objects now: 2298.
Total: 4.278700 ms (FindLiveObjects: 0.170600 ms CreateObjectMapping: 0.063800 ms MarkObjects: 4.023900 ms  DeleteObjects: 0.019400 ms)

========================================================================
Received Prepare
Registering precompiled user dll's ...
Registered in 0.002986 seconds.
Begin MonoManager ReloadAssembly
Native extension for WindowsStandalone target not found
Refreshing native plugins compatible for Editor in 0.56 ms, found 0 plugins.
Preloading 0 native plugins for Editor in 0.00 ms.
Mono: successfully reloaded assembly
- Completed reload, in  0.746 seconds
Platform modules already initialized, skipping
Refreshing native plugins compatible for Editor in 0.50 ms, found 0 plugins.
Preloading 0 native plugins for Editor in 0.00 ms.
Unloading 1802 Unused Serialized files (Serialized files now loaded: 0)
System memory in use before: 80.8 MB.
System memory in use after: 81.0 MB.

Unloading 44 unused Assets to reduce memory usage. Loaded Objects now: 2300.
Total: 4.532000 ms (FindLiveObjects: 0.151200 ms CreateObjectMapping: 0.059400 ms MarkObjects: 4.299600 ms  DeleteObjects: 0.021100 ms)

========================================================================
Received Prepare
Registering precompiled user dll's ...
Registered in 0.002437 seconds.
Begin MonoManager ReloadAssembly
Native extension for WindowsStandalone target not found
Refreshing native plugins compatible for Editor in 0.56 ms, found 0 plugins.
Preloading 0 native plugins for Editor in 0.00 ms.
Mono: successfully reloaded assembly
- Completed reload, in  0.777 seconds
Platform modules already initialized, skipping
Refreshing native plugins compatible for Editor in 0.50 ms, found 0 plugins.
Preloading 0 native plugins for Editor in 0.00 ms.
Unloading 1802 Unused Serialized files (Serialized files now loaded: 0)
System memory in use before: 80.9 MB.
System memory in use after: 81.0 MB.

Unloading 44 unused Assets to reduce memory usage. Loaded Objects now: 2302.
Total: 4.331200 ms (FindLiveObjects: 0.158900 ms CreateObjectMapping: 0.059100 ms MarkObjects: 4.088000 ms  DeleteObjects: 0.024300 ms)

